
R version 3.1.1 (2014-07-10) -- "Sock it to Me"
Copyright (C) 2014 The R Foundation for Statistical Computing
Platform: x86_64-unknown-linux-gnu (64-bit)

R is free software and comes with ABSOLUTELY NO WARRANTY.
You are welcome to redistribute it under certain conditions.
Type 'license()' or 'licence()' for distribution details.

  Natural language support but running in an English locale

R is a collaborative project with many contributors.
Type 'contributors()' for more information and
'citation()' on how to cite R or R packages in publications.

Type 'demo()' for some demos, 'help()' for on-line help, or
'help.start()' for an HTML browser interface to help.
Type 'q()' to quit R.

> # Run A-Nominate on Tunisian ARP data from Bawsala
> 
> # Read in data
> require(pscl)
Loading required package: pscl
Loading required package: MASS
Loading required package: lattice
Classes and Methods for R developed in the

Political Science Computational Laboratory

Department of Political Science

Stanford University

Simon Jackman

hurdle and zeroinfl functions by Achim Zeileis

> require(parallel)
Loading required package: parallel
> require(anominate)
Loading required package: anominate
Loading required package: coda
Loading required package: wnominate

## W-NOMINATE Ideal Point Package
## Copyright 2006 -2016
## Keith Poole, Jeffrey Lewis, James Lo, and Royce Carroll
## Support provided by the U.S. National Science Foundation
## NSF Grant SES-0611974

Loading required package: oc

## Optimal Classification Ideal Point Package
## Copyright 2007 -2016
## Keith Poole, Jeffrey Lewis, James Lo, and Royce Carroll
## Support provided by the U.S. National Science Foundation
## NSF Grant SES-0611974

Loading required package: MCMCpack
##
## Markov Chain Monte Carlo Package (MCMCpack)
## Copyright (C) 2003-2016 Andrew D. Martin, Kevin M. Quinn, and Jong Hee Park
##
## Support provided by the U.S. National Science Foundation
## (Grants SES-0350646 and SES-0350613)
##

## alpha-NOMINATE Ideal Point Package
## Copyright 2013 - 2016
## Royce Carroll, Christopher Hare, Jeffrey B. Lewis, James Lo, Keith Poole, and Howard Rosenthal
## Support provided by the U.S. National Science Foundation
## NSF Grant SES-0611974

> require(stringr)
Loading required package: stringr
> require(data.table)
Loading required package: data.table
> require(rstan)
Loading required package: rstan
Loading required package: ggplot2
rstan (Version 2.9.0, packaged: 2016-01-05 16:17:47 UTC, GitRev: 05c3d0058b6a)
For execution on a local, multicore CPU with excess RAM we recommend calling
rstan_options(auto_write = TRUE)
options(mc.cores = parallel::detectCores())

Attaching package: ‘rstan’

The following object is masked from ‘package:coda’:

    traceplot

> #source("C:/Users/bobku/Box Sync/Big Data/Data/R Code_preliminary implementation/R Test Data/R Scripts/Ggplot2_theme.R")
> first_d_constraint <- 'Fathi Chamkhi'
> second_d_constraint <- 'Haykel Belgacem'
> 
> #raw_data2 <- read.csv('arp_votes_v2.csv',header=TRUE,stringsAsFactors = FALSE)
> #raw_data <- read.csv('arp_votes.csv',header=TRUE,stringsAsFactors = FALSE)
> # keep_cols <- sapply(raw_data,is.character)
> # raw_data <- raw_data[,keep_cols]
> raw_data2 <- readRDS('raw_data2.rds')
> raw_data <- readRDS('raw_data.rds')
> 
> info_legis <- data.table(raw_data)
> setkey(info_legis,"legis.names")
> party_info <- data.table(raw_data2[,1:2],key = "legis.names")
> info_legis <- party_info[info_legis]
> info_legis <- info_legis[legis.names=='Said Aidi',Party:='Mouvement Nidaa Tounes']
> votes <- info_legis[,3:length(info_legis),with=FALSE]
> 
> vote_names <- str_extract(names(votes),"N\\.[0-9][0-9]?[0-9]?\\.201[0-9]")
> vote_names <- ifelse(is.na(vote_names),names(votes),vote_names)
> votes_matrix <- lapply(votes,function(x) factor(x,levels = c("contre","pour"),exclude = "abstenu"))
> votes_matrix <- as.matrix(as.data.frame(lapply(votes_matrix,function(x) as.numeric(x) - 1)))
> row.names(votes_matrix) <- info_legis$legis.names
> num_votes  <- apply(votes_matrix,1,sum,na.rm=TRUE)
> names(num_votes) <- row.names(votes_matrix)
> votes_matrix <- votes_matrix[(num_votes>(mean(num_votes)-2*sd(num_votes))),]
> # Remove bills that have near-unaninous agreement
> bills_agree <- apply(votes_matrix,2,mean,na.rm=TRUE)
> votes_matrix <- votes_matrix[,((bills_agree>0.025) & (bills_agree<0.975))]
> 
> # put constraints into the model. For this model, one each for democrats and republicans
> #constrain_pos <- sample(c(which(sen$party==200)),size=10)
> constrain_pos <- c(which(grepl(first_d_constraint,row.names(votes_matrix))))
Warning message:
In grepl(first_d_constraint, row.names(votes_matrix)) :
  input string 112 is invalid in this locale
> #constrain_neg <- c(which(grepl('REID',row.names(votes_matrix))))
> constrain_neg <- NULL
> 
> num_con_pos <- ifelse(is.null(constrain_pos),1,length(constrain_pos))
> num_con_neg <- ifelse(is.null(constrain_neg),1,length(constrain_neg))
> true_con_pos <- ifelse(is.null(constrain_pos),0,length(constrain_pos))
> true_con_neg <- ifelse(is.null(constrain_neg),0,length(constrain_neg))
> constrain_legis <- c(constrain_pos,constrain_neg)
> all_legis <- 1:nrow(votes_matrix)
> not_legis <- all_legis[-constrain_legis]
> new_legis <- c(constrain_legis,not_legis)
> votes_matrix <- votes_matrix[new_legis,]
> 
> num_legis <- nrow(votes_matrix)
> num_bills <- ncol(votes_matrix)
> legislator_points <- rep(1:num_legis,times=num_bills)
> bill_points <- rep(1:num_bills,each=num_legis)
> Y <- c(votes_matrix)
> na_filter <- !is.na(Y)
> Y <- Y[na_filter]
> legislator_points <- legislator_points[na_filter]
> bill_points <- bill_points[na_filter]
> fileName <- "nominate.h"
> model_code <- readChar(fileName, file.info(fileName)$size)
> 
> compiled_model <- stan_model(model_code=model_code,model_name="Nominate: 1 dimension")
> sample_fit <- sampling(object=compiled_model,
+                        data = list(Y=Y, N=length(Y), num_legis=num_legis, num_bills=num_bills, ll=legislator_points,
+                                    bb=bill_points,constrain=constrain_legis),
+                        iter=2000, chains=4,warmup=1000,cores=4)
starting worker pid=23834 on localhost:11149 at 18:13:17.140
starting worker pid=23843 on localhost:11149 at 18:13:17.493
starting worker pid=23852 on localhost:11149 at 18:13:17.848
starting worker pid=23861 on localhost:11149 at 18:13:18.215

SAMPLING FOR MODEL 'Nominate: 1 dimension' NOW (CHAIN 1).

SAMPLING FOR MODEL 'Nominate: 1 dimension' NOW (CHAIN 2).

Chain 1, Iteration:    1 / 2000 [  0%]  (Warmup)
SAMPLING FOR MODEL 'Nominate: 1 dimension' NOW (CHAIN 3).

Chain 2, Iteration:    1 / 2000 [  0%]  (Warmup)
SAMPLING FOR MODEL 'Nominate: 1 dimension' NOW (CHAIN 4).

Chain 3, Iteration:    1 / 2000 [  0%]  (Warmup)
Chain 4, Iteration:    1 / 2000 [  0%]  (Warmup)slurmstepd: *** JOB 570192 CANCELLED AT 2016-05-23T18:16:11 *** on udc-aw38-13-l
